<?xml version="1.0" encoding="UTF-8"?>
<testng-results ignored="0" total="1" passed="1" failed="0" skipped="0">
  <reporter-output>
  </reporter-output>
  <suite started-at="2024-10-24T16:54:12 IST" name="Default suite" finished-at="2024-10-24T16:54:17 IST" duration-ms="5117">
    <groups>
    </groups>
    <test started-at="2024-10-24T16:54:12 IST" name="Default test" finished-at="2024-10-24T16:54:17 IST" duration-ms="5117">
      <class name="com.blueflame.script.Homepage">
        <test-method is-config="true" signature="OpenBrowsder()[pri:0, instance:com.blueflame.script.Homepage@639c2c1d]" started-at="2024-10-24T16:54:12 IST" name="OpenBrowsder" finished-at="2024-10-24T16:54:14 IST" duration-ms="2469" status="PASS">
          <reporter-output>
          </reporter-output>
        </test-method> <!-- OpenBrowsder -->
        <test-method is-config="true" signature="Login()[pri:0, instance:com.blueflame.script.Homepage@639c2c1d]" started-at="2024-10-24T16:54:14 IST" name="Login" finished-at="2024-10-24T16:54:17 IST" duration-ms="2628" status="PASS">
          <reporter-output>
          </reporter-output>
        </test-method> <!-- Login -->
        <test-method signature="demo()[pri:0, instance:com.blueflame.script.Homepage@639c2c1d]" started-at="2024-10-24T16:54:17 IST" name="demo" finished-at="2024-10-24T16:54:17 IST" duration-ms="5" status="PASS">
          <reporter-output>
          </reporter-output>
        </test-method> <!-- demo -->
      </class> <!-- com.blueflame.script.Homepage -->
    </test> <!-- Default test -->
  </suite> <!-- Default suite -->
</testng-results>
